<?xml version="1.0" encoding="UTF-8"?>
<!-- Generated by org.testng.reporters.JUnitReportReporter -->
<testsuite hostname="LAPTOP-IPO1D98E" failures="0" tests="1" name="FBtest.FBtest1" time="8.256" errors="0" timestamp="2023-01-23T23:27:41 IST" skipped="0">
  <testcase classname="FBtest.FBtest1" name="verifytext" time="8.256"/>
  <system-out>
    <![CDATA[running verifytext]]>
  </system-out>
</testsuite> <!-- FBtest.FBtest1 -->
