<?xml version="1.0" encoding="UTF-8"?>
<!-- Generated by org.testng.reporters.JUnitReportReporter -->
<testsuite hostname="LAPTOP-IPO1D98E" failures="0" tests="1" name="test1.Test2" time="8.420" errors="0" timestamp="2022-10-14T17:44:48 IST" skipped="0">
  <testcase classname="test1.Test2" name="verifyamazon" time="8.420"/>
  <system-out>
    <![CDATA[running verifyamazon]]>
  </system-out>
</testsuite> <!-- test1.Test2 -->
